<!DOCTYPE html PUBLIC "-//W3C//DTD XHTML 1.1//EN" "http://www.w3.org/TR/xhtml11/DTD/xhtml11.dtd">
<html xmlns="http://www.w3.org/1999/xhtml"><head><title>TestNG Report</title><style type="text/css">table {margin-bottom:10px;border-collapse:collapse;empty-cells:show}th,td {border:1px solid #009;padding:.25em .5em}th {vertical-align:bottom}td {vertical-align:top}table a {font-weight:bold}.stripe td {background-color: #E6EBF9}.num {text-align:right}.passedodd td {background-color: #3F3}.passedeven td {background-color: #0A0}.skippedodd td {background-color: #DDD}.skippedeven td {background-color: #CCC}.failedodd td,.attn {background-color: #F33}.failedeven td,.stripe .attn {background-color: #D00}.stacktrace {white-space:pre;font-family:monospace}.totop {font-size:85%;text-align:center;border-bottom:2px solid #000}</style></head><body><table><tr><th>Test</th><th># Passed</th><th># Skipped</th><th># Failed</th><th>Time (ms)</th><th>Included Groups</th><th>Excluded Groups</th></tr><tr><th colspan="7">Regression Test</th></tr><tr><td><a href="#t0">Sign up Test</a></td><td class="num">1</td><td class="num attn">7</td><td class="num attn">1</td><td class="num">42,971</td><td></td><td></td></tr><tr><th colspan="7">Listing Page Add Cart verification</th></tr><tr class="stripe"><td><a href="#t1">Listing page verification</a></td><td class="num">2</td><td class="num">0</td><td class="num">0</td><td class="num">167,772</td><td></td><td></td></tr><tr><th colspan="7">Shopping page test Cases</th></tr><tr><td><a href="#t2">Verify the Shopping page project name and price</a></td><td class="num">1</td><td class="num">0</td><td class="num">0</td><td class="num">195,864</td><td></td><td></td></tr><tr><th colspan="7">Test Suite for Myntra Website</th></tr><tr><th>Total</th><th class="num">4</th><th class="num attn">7</th><th class="num attn">1</th><th class="num">406,607</th><th colspan="2"></th></tr></table><table><thead><tr><th>Class</th><th>Method</th><th>Start</th><th>Time (ms)</th></tr></thead><tbody><tr><th colspan="4">Regression Test</th></tr></tbody><tbody id="t0"><tr><th colspan="4">Sign up Test &#8212; failed (configuration methods)</th></tr><tr class="failedeven"><td rowspan="1">com.demo.automation.POMFramework.homepage.TC002_VerifyNewUserRegistration</td><td><a href="#m0">aftermethod</a></td><td rowspan="1">1501399558501</td><td rowspan="1">0</td></tr><tr><th colspan="4">Sign up Test &#8212; failed</th></tr><tr class="failedeven"><td rowspan="1">com.demo.automation.POMFramework.homepage.TC002_VerifyNewUserRegistration</td><td><a href="#m1">verifyNewUserRegistration</a></td><td rowspan="1">1501399558450</td><td rowspan="1">40</td></tr><tr><th colspan="4">Sign up Test &#8212; skipped (configuration methods)</th></tr><tr class="skippedeven"><td rowspan="2">com.demo.automation.POMFramework.homepage.TC002_VerifyNewUserRegistration</td><td><a href="#m2">endSetUp</a></td><td rowspan="1">1501399558504</td><td rowspan="1">0</td></tr><tr class="skippedeven"><td><a href="#m3">endTesting</a></td><td rowspan="1">1501399558504</td><td rowspan="1">0</td></tr><tr class="skippedodd"><td rowspan="15">com.demo.automation.POMFramework.homepage.TC003_VerifyLoginWithDifferentRecords</td><td><a href="#m4">aftermethod</a></td><td rowspan="7">1501399559122</td><td rowspan="7">0</td></tr><tr class="skippedodd"><td><a href="#m5">aftermethod</a></td></tr><tr class="skippedodd"><td><a href="#m6">aftermethod</a></td></tr><tr class="skippedodd"><td><a href="#m7">aftermethod</a></td></tr><tr class="skippedodd"><td><a href="#m8">aftermethod</a></td></tr><tr class="skippedodd"><td><a href="#m9">aftermethod</a></td></tr><tr class="skippedodd"><td><a href="#m10">aftermethod</a></td></tr><tr class="skippedodd"><td><a href="#m11">beforemethod</a></td><td rowspan="7">1501399559123</td><td rowspan="7">0</td></tr><tr class="skippedodd"><td><a href="#m12">beforemethod</a></td></tr><tr class="skippedodd"><td><a href="#m13">beforemethod</a></td></tr><tr class="skippedodd"><td><a href="#m14">beforemethod</a></td></tr><tr class="skippedodd"><td><a href="#m15">beforemethod</a></td></tr><tr class="skippedodd"><td><a href="#m16">beforemethod</a></td></tr><tr class="skippedodd"><td><a href="#m17">beforemethod</a></td></tr><tr class="skippedodd"><td><a href="#m18">endTesting</a></td><td rowspan="1">1501399559124</td><td rowspan="1">0</td></tr><tr><th colspan="4">Sign up Test &#8212; skipped</th></tr><tr class="skippedeven"><td rowspan="7">com.demo.automation.POMFramework.homepage.TC003_VerifyLoginWithDifferentRecords</td><td><a href="#m19">VerifyLoginWithDifferentRecords</a></td><td rowspan="7">1501399559122</td><td rowspan="7">0</td></tr><tr class="skippedeven"><td><a href="#m20">VerifyLoginWithDifferentRecords</a></td></tr><tr class="skippedeven"><td><a href="#m21">VerifyLoginWithDifferentRecords</a></td></tr><tr class="skippedeven"><td><a href="#m22">VerifyLoginWithDifferentRecords</a></td></tr><tr class="skippedeven"><td><a href="#m23">VerifyLoginWithDifferentRecords</a></td></tr><tr class="skippedeven"><td><a href="#m24">VerifyLoginWithDifferentRecords</a></td></tr><tr class="skippedeven"><td><a href="#m25">VerifyLoginWithDifferentRecords</a></td></tr><tr><th colspan="4">Sign up Test &#8212; passed</th></tr><tr class="passedeven"><td rowspan="1">com.demo.automation.POMFramework.homepage.TC001_VerifyLoginwithInvalidCredentials</td><td><a href="#m26">verifyLoginwithInvalidCredentials</a></td><td rowspan="1">1501399547112</td><td rowspan="1">10169</td></tr></tbody><tbody><tr><th colspan="4">Listing Page Add Cart verification</th></tr></tbody><tbody id="t1"><tr><th colspan="4">Listing page verification &#8212; passed</th></tr><tr class="passedeven"><td rowspan="1">com.demo.automation.POMFramework.listingpage.TC001_Add_ProjectsToCart</td><td><a href="#m27">Add_ProjectsToCart</a></td><td rowspan="1">1501399570016</td><td rowspan="1">82847</td></tr><tr class="passedodd"><td rowspan="1">com.demo.automation.POMFramework.listingpage.TC002_Add_MultipleProjectIntoCart</td><td><a href="#m28">Add_MultipleProjectIntoCart</a></td><td rowspan="1">1501399668915</td><td rowspan="1">56947</td></tr></tbody><tbody><tr><th colspan="4">Shopping page test Cases</th></tr></tbody><tbody id="t2"><tr><th colspan="4">Verify the Shopping page project name and price &#8212; passed</th></tr><tr class="passedeven"><td rowspan="1">com.demo.automation.POMFramework.productpage.TC001_Add_ProjectToWishListToPayment</td><td><a href="#m29">Add_ProjectToWishListToPayment</a></td><td rowspan="1">1501399745065</td><td rowspan="1">176923</td></tr></tbody><tbody><tr><th colspan="4">Test Suite for Myntra Website</th></tr></tbody></table><h2>Sign up Test</h2><h3 id="m0">com.demo.automation.POMFramework.homepage.TC002_VerifyNewUserRegistration#aftermethod</h3><table class="result"><tr class="param"><th>Parameter #1</th></tr><tr class="param stripe"><td>[TestResult name=verifyNewUserRegistration status=FAILURE method=TC002_VerifyNewUserRegistration.verifyNewUserRegistration()[pri:0, instance:com.demo.automation.POMFramework.homepage.TC002_VerifyNewUserRegistration@5204062d] output={null}]</td></tr><tr><th>Exception</th></tr><tr><td><div class="stacktrace">org.openqa.selenium.NoSuchSessionException: Session ID is null. Using WebDriver after calling quit()?
Build info: version: &apos;3.1.0&apos;, revision: &apos;b94c902&apos;, time: &apos;2017-02-16 12:21:31 -0800&apos;
System info: host: &apos;ADMIN-PC&apos;, ip: &apos;169.254.230.1&apos;, os.name: &apos;Windows 7&apos;, os.arch: &apos;amd64&apos;, os.version: &apos;6.1&apos;, java.version: &apos;1.8.0_71&apos;
Driver info: driver.version: RemoteWebDriver
	at org.openqa.selenium.remote.HttpCommandExecutor.execute(HttpCommandExecutor.java:130)
	at org.openqa.selenium.remote.service.DriverCommandExecutor.execute(DriverCommandExecutor.java:82)
	at org.openqa.selenium.remote.RemoteWebDriver.execute(RemoteWebDriver.java:601)
	at org.openqa.selenium.remote.RemoteWebDriver.execute(RemoteWebDriver.java:658)
	at org.openqa.selenium.remote.RemoteWebDriver.getScreenshotAs(RemoteWebDriver.java:340)
	at com.demo.automation.POMFramework.testBase.TestBase.catureScreen(TestBase.java:222)
	at com.demo.automation.POMFramework.testBase.TestBase.getStatus(TestBase.java:179)
	at com.demo.automation.POMFramework.testBase.TestBase.aftermethod(TestBase.java:192)
... Removed 31 stack frames</div></td></tr></table><p class="totop"><a href="#summary">back to summary</a></p><h3 id="m1">com.demo.automation.POMFramework.homepage.TC002_VerifyNewUserRegistration#verifyNewUserRegistration</h3><table class="result"><tr><th>Exception</th></tr><tr><td><div class="stacktrace">org.openqa.selenium.NoSuchSessionException: Session ID is null. Using WebDriver after calling quit()?
Build info: version: &apos;3.1.0&apos;, revision: &apos;b94c902&apos;, time: &apos;2017-02-16 12:21:31 -0800&apos;
System info: host: &apos;ADMIN-PC&apos;, ip: &apos;169.254.230.1&apos;, os.name: &apos;Windows 7&apos;, os.arch: &apos;amd64&apos;, os.version: &apos;6.1&apos;, java.version: &apos;1.8.0_71&apos;
Driver info: driver.version: RemoteWebDriver
	at org.openqa.selenium.remote.HttpCommandExecutor.execute(HttpCommandExecutor.java:130)
	at org.openqa.selenium.remote.service.DriverCommandExecutor.execute(DriverCommandExecutor.java:82)
	at org.openqa.selenium.remote.RemoteWebDriver.execute(RemoteWebDriver.java:601)
	at org.openqa.selenium.remote.RemoteWebDriver.findElement(RemoteWebDriver.java:368)
	at org.openqa.selenium.remote.RemoteWebDriver.findElementByXPath(RemoteWebDriver.java:473)
	at org.openqa.selenium.By$ByXPath.findElement(By.java:361)
	at org.openqa.selenium.remote.RemoteWebDriver.findElement(RemoteWebDriver.java:360)
	at org.openqa.selenium.support.pagefactory.DefaultElementLocator.findElement(DefaultElementLocator.java:69)
	at org.openqa.selenium.support.pagefactory.internal.LocatingElementHandler.invoke(LocatingElementHandler.java:38)
	at com.sun.proxy.$Proxy9.getCoordinates(Unknown Source)
	at org.openqa.selenium.interactions.internal.MouseAction.getActionLocation(MouseAction.java:51)
	at org.openqa.selenium.interactions.MoveMouseAction.perform(MoveMouseAction.java:39)
	at org.openqa.selenium.interactions.CompositeAction.perform(CompositeAction.java:34)
	at com.demo.automation.POMFramework.uiActions.HomePage.moveCursor(HomePage.java:201)
	at com.demo.automation.POMFramework.uiActions.HomePage.new_userLogin(HomePage.java:138)
	at com.demo.automation.POMFramework.homepage.TC002_VerifyNewUserRegistration.verifyNewUserRegistration(TC002_VerifyNewUserRegistration.java:37)
... Removed 29 stack frames</div></td></tr></table><p class="totop"><a href="#summary">back to summary</a></p><h3 id="m2">com.demo.automation.POMFramework.homepage.TC002_VerifyNewUserRegistration#endSetUp</h3><table class="result"></table><p class="totop"><a href="#summary">back to summary</a></p><h3 id="m3">com.demo.automation.POMFramework.homepage.TC002_VerifyNewUserRegistration#endTesting</h3><table class="result"></table><p class="totop"><a href="#summary">back to summary</a></p><h3 id="m4">com.demo.automation.POMFramework.homepage.TC003_VerifyLoginWithDifferentRecords#aftermethod</h3><table class="result"></table><p class="totop"><a href="#summary">back to summary</a></p><h3 id="m5">com.demo.automation.POMFramework.homepage.TC003_VerifyLoginWithDifferentRecords#aftermethod</h3><table class="result"></table><p class="totop"><a href="#summary">back to summary</a></p><h3 id="m6">com.demo.automation.POMFramework.homepage.TC003_VerifyLoginWithDifferentRecords#aftermethod</h3><table class="result"></table><p class="totop"><a href="#summary">back to summary</a></p><h3 id="m7">com.demo.automation.POMFramework.homepage.TC003_VerifyLoginWithDifferentRecords#aftermethod</h3><table class="result"></table><p class="totop"><a href="#summary">back to summary</a></p><h3 id="m8">com.demo.automation.POMFramework.homepage.TC003_VerifyLoginWithDifferentRecords#aftermethod</h3><table class="result"></table><p class="totop"><a href="#summary">back to summary</a></p><h3 id="m9">com.demo.automation.POMFramework.homepage.TC003_VerifyLoginWithDifferentRecords#aftermethod</h3><table class="result"></table><p class="totop"><a href="#summary">back to summary</a></p><h3 id="m10">com.demo.automation.POMFramework.homepage.TC003_VerifyLoginWithDifferentRecords#aftermethod</h3><table class="result"></table><p class="totop"><a href="#summary">back to summary</a></p><h3 id="m11">com.demo.automation.POMFramework.homepage.TC003_VerifyLoginWithDifferentRecords#beforemethod</h3><table class="result"></table><p class="totop"><a href="#summary">back to summary</a></p><h3 id="m12">com.demo.automation.POMFramework.homepage.TC003_VerifyLoginWithDifferentRecords#beforemethod</h3><table class="result"></table><p class="totop"><a href="#summary">back to summary</a></p><h3 id="m13">com.demo.automation.POMFramework.homepage.TC003_VerifyLoginWithDifferentRecords#beforemethod</h3><table class="result"></table><p class="totop"><a href="#summary">back to summary</a></p><h3 id="m14">com.demo.automation.POMFramework.homepage.TC003_VerifyLoginWithDifferentRecords#beforemethod</h3><table class="result"></table><p class="totop"><a href="#summary">back to summary</a></p><h3 id="m15">com.demo.automation.POMFramework.homepage.TC003_VerifyLoginWithDifferentRecords#beforemethod</h3><table class="result"></table><p class="totop"><a href="#summary">back to summary</a></p><h3 id="m16">com.demo.automation.POMFramework.homepage.TC003_VerifyLoginWithDifferentRecords#beforemethod</h3><table class="result"></table><p class="totop"><a href="#summary">back to summary</a></p><h3 id="m17">com.demo.automation.POMFramework.homepage.TC003_VerifyLoginWithDifferentRecords#beforemethod</h3><table class="result"></table><p class="totop"><a href="#summary">back to summary</a></p><h3 id="m18">com.demo.automation.POMFramework.homepage.TC003_VerifyLoginWithDifferentRecords#endTesting</h3><table class="result"></table><p class="totop"><a href="#summary">back to summary</a></p><h3 id="m19">com.demo.automation.POMFramework.homepage.TC003_VerifyLoginWithDifferentRecords#VerifyLoginWithDifferentRecords</h3><table class="result"><tr class="param"><th>Parameter #1</th><th>Parameter #2</th><th>Parameter #3</th></tr><tr class="param stripe"><td>jakay12@gmail.com</td><td>12345.0</td><td>y</td></tr><tr><th colspan="3">Exception</th></tr><tr><td colspan="3"><div class="stacktrace">org.openqa.selenium.NoSuchSessionException: Session ID is null. Using WebDriver after calling quit()?
Build info: version: &apos;3.1.0&apos;, revision: &apos;b94c902&apos;, time: &apos;2017-02-16 12:21:31 -0800&apos;
System info: host: &apos;ADMIN-PC&apos;, ip: &apos;169.254.230.1&apos;, os.name: &apos;Windows 7&apos;, os.arch: &apos;amd64&apos;, os.version: &apos;6.1&apos;, java.version: &apos;1.8.0_71&apos;
Driver info: driver.version: RemoteWebDriver
	at org.openqa.selenium.remote.HttpCommandExecutor.execute(HttpCommandExecutor.java:130)
	at org.openqa.selenium.remote.service.DriverCommandExecutor.execute(DriverCommandExecutor.java:82)
	at org.openqa.selenium.remote.RemoteWebDriver.execute(RemoteWebDriver.java:601)
	at org.openqa.selenium.remote.RemoteWebDriver.execute(RemoteWebDriver.java:658)
	at org.openqa.selenium.remote.RemoteWebDriver.getScreenshotAs(RemoteWebDriver.java:340)
	at com.demo.automation.POMFramework.testBase.TestBase.catureScreen(TestBase.java:222)
	at com.demo.automation.POMFramework.testBase.TestBase.getStatus(TestBase.java:179)
	at com.demo.automation.POMFramework.testBase.TestBase.aftermethod(TestBase.java:192)
... Removed 31 stack frames</div></td></tr></table><p class="totop"><a href="#summary">back to summary</a></p><h3 id="m20">com.demo.automation.POMFramework.homepage.TC003_VerifyLoginWithDifferentRecords#VerifyLoginWithDifferentRecords</h3><table class="result"><tr class="param"><th>Parameter #1</th><th>Parameter #2</th><th>Parameter #3</th></tr><tr class="param stripe"><td>jakay13@gmail.com</td><td>1378.0</td><td>n</td></tr><tr><th colspan="3">Exception</th></tr><tr><td colspan="3"><div class="stacktrace">org.openqa.selenium.NoSuchSessionException: Session ID is null. Using WebDriver after calling quit()?
Build info: version: &apos;3.1.0&apos;, revision: &apos;b94c902&apos;, time: &apos;2017-02-16 12:21:31 -0800&apos;
System info: host: &apos;ADMIN-PC&apos;, ip: &apos;169.254.230.1&apos;, os.name: &apos;Windows 7&apos;, os.arch: &apos;amd64&apos;, os.version: &apos;6.1&apos;, java.version: &apos;1.8.0_71&apos;
Driver info: driver.version: RemoteWebDriver
	at org.openqa.selenium.remote.HttpCommandExecutor.execute(HttpCommandExecutor.java:130)
	at org.openqa.selenium.remote.service.DriverCommandExecutor.execute(DriverCommandExecutor.java:82)
	at org.openqa.selenium.remote.RemoteWebDriver.execute(RemoteWebDriver.java:601)
	at org.openqa.selenium.remote.RemoteWebDriver.execute(RemoteWebDriver.java:658)
	at org.openqa.selenium.remote.RemoteWebDriver.getScreenshotAs(RemoteWebDriver.java:340)
	at com.demo.automation.POMFramework.testBase.TestBase.catureScreen(TestBase.java:222)
	at com.demo.automation.POMFramework.testBase.TestBase.getStatus(TestBase.java:179)
	at com.demo.automation.POMFramework.testBase.TestBase.aftermethod(TestBase.java:192)
... Removed 31 stack frames</div></td></tr></table><p class="totop"><a href="#summary">back to summary</a></p><h3 id="m21">com.demo.automation.POMFramework.homepage.TC003_VerifyLoginWithDifferentRecords#VerifyLoginWithDifferentRecords</h3><table class="result"><tr class="param"><th>Parameter #1</th><th>Parameter #2</th><th>Parameter #3</th></tr><tr class="param stripe"><td>jakay34@gmail.com</td><td>wqerewr</td><td>y</td></tr><tr><th colspan="3">Exception</th></tr><tr><td colspan="3"><div class="stacktrace">org.openqa.selenium.NoSuchSessionException: Session ID is null. Using WebDriver after calling quit()?
Build info: version: &apos;3.1.0&apos;, revision: &apos;b94c902&apos;, time: &apos;2017-02-16 12:21:31 -0800&apos;
System info: host: &apos;ADMIN-PC&apos;, ip: &apos;169.254.230.1&apos;, os.name: &apos;Windows 7&apos;, os.arch: &apos;amd64&apos;, os.version: &apos;6.1&apos;, java.version: &apos;1.8.0_71&apos;
Driver info: driver.version: RemoteWebDriver
	at org.openqa.selenium.remote.HttpCommandExecutor.execute(HttpCommandExecutor.java:130)
	at org.openqa.selenium.remote.service.DriverCommandExecutor.execute(DriverCommandExecutor.java:82)
	at org.openqa.selenium.remote.RemoteWebDriver.execute(RemoteWebDriver.java:601)
	at org.openqa.selenium.remote.RemoteWebDriver.execute(RemoteWebDriver.java:658)
	at org.openqa.selenium.remote.RemoteWebDriver.getScreenshotAs(RemoteWebDriver.java:340)
	at com.demo.automation.POMFramework.testBase.TestBase.catureScreen(TestBase.java:222)
	at com.demo.automation.POMFramework.testBase.TestBase.getStatus(TestBase.java:179)
	at com.demo.automation.POMFramework.testBase.TestBase.aftermethod(TestBase.java:192)
... Removed 31 stack frames</div></td></tr></table><p class="totop"><a href="#summary">back to summary</a></p><h3 id="m22">com.demo.automation.POMFramework.homepage.TC003_VerifyLoginWithDifferentRecords#VerifyLoginWithDifferentRecords</h3><table class="result"><tr class="param"><th>Parameter #1</th><th>Parameter #2</th><th>Parameter #3</th></tr><tr class="param stripe"><td>jakay15@gmail.com</td><td>1.2345678E7</td><td>n</td></tr><tr><th colspan="3">Exception</th></tr><tr><td colspan="3"><div class="stacktrace">org.openqa.selenium.NoSuchSessionException: Session ID is null. Using WebDriver after calling quit()?
Build info: version: &apos;3.1.0&apos;, revision: &apos;b94c902&apos;, time: &apos;2017-02-16 12:21:31 -0800&apos;
System info: host: &apos;ADMIN-PC&apos;, ip: &apos;169.254.230.1&apos;, os.name: &apos;Windows 7&apos;, os.arch: &apos;amd64&apos;, os.version: &apos;6.1&apos;, java.version: &apos;1.8.0_71&apos;
Driver info: driver.version: RemoteWebDriver
	at org.openqa.selenium.remote.HttpCommandExecutor.execute(HttpCommandExecutor.java:130)
	at org.openqa.selenium.remote.service.DriverCommandExecutor.execute(DriverCommandExecutor.java:82)
	at org.openqa.selenium.remote.RemoteWebDriver.execute(RemoteWebDriver.java:601)
	at org.openqa.selenium.remote.RemoteWebDriver.execute(RemoteWebDriver.java:658)
	at org.openqa.selenium.remote.RemoteWebDriver.getScreenshotAs(RemoteWebDriver.java:340)
	at com.demo.automation.POMFramework.testBase.TestBase.catureScreen(TestBase.java:222)
	at com.demo.automation.POMFramework.testBase.TestBase.getStatus(TestBase.java:179)
	at com.demo.automation.POMFramework.testBase.TestBase.aftermethod(TestBase.java:192)
... Removed 31 stack frames</div></td></tr></table><p class="totop"><a href="#summary">back to summary</a></p><h3 id="m23">com.demo.automation.POMFramework.homepage.TC003_VerifyLoginWithDifferentRecords#VerifyLoginWithDifferentRecords</h3><table class="result"><tr class="param"><th>Parameter #1</th><th>Parameter #2</th><th>Parameter #3</th></tr><tr class="param stripe"><td>jakay11@gmail.com</td><td>1.2345678E7</td><td>y</td></tr><tr><th colspan="3">Exception</th></tr><tr><td colspan="3"><div class="stacktrace">org.openqa.selenium.NoSuchSessionException: Session ID is null. Using WebDriver after calling quit()?
Build info: version: &apos;3.1.0&apos;, revision: &apos;b94c902&apos;, time: &apos;2017-02-16 12:21:31 -0800&apos;
System info: host: &apos;ADMIN-PC&apos;, ip: &apos;169.254.230.1&apos;, os.name: &apos;Windows 7&apos;, os.arch: &apos;amd64&apos;, os.version: &apos;6.1&apos;, java.version: &apos;1.8.0_71&apos;
Driver info: driver.version: RemoteWebDriver
	at org.openqa.selenium.remote.HttpCommandExecutor.execute(HttpCommandExecutor.java:130)
	at org.openqa.selenium.remote.service.DriverCommandExecutor.execute(DriverCommandExecutor.java:82)
	at org.openqa.selenium.remote.RemoteWebDriver.execute(RemoteWebDriver.java:601)
	at org.openqa.selenium.remote.RemoteWebDriver.execute(RemoteWebDriver.java:658)
	at org.openqa.selenium.remote.RemoteWebDriver.getScreenshotAs(RemoteWebDriver.java:340)
	at com.demo.automation.POMFramework.testBase.TestBase.catureScreen(TestBase.java:222)
	at com.demo.automation.POMFramework.testBase.TestBase.getStatus(TestBase.java:179)
	at com.demo.automation.POMFramework.testBase.TestBase.aftermethod(TestBase.java:192)
... Removed 31 stack frames</div></td></tr></table><p class="totop"><a href="#summary">back to summary</a></p><h3 id="m24">com.demo.automation.POMFramework.homepage.TC003_VerifyLoginWithDifferentRecords#VerifyLoginWithDifferentRecords</h3><table class="result"><tr class="param"><th>Parameter #1</th><th>Parameter #2</th><th>Parameter #3</th></tr><tr class="param stripe"><td>jakay16@gmail.com</td><td>1.2345678E7</td><td>n</td></tr><tr><th colspan="3">Exception</th></tr><tr><td colspan="3"><div class="stacktrace">org.openqa.selenium.NoSuchSessionException: Session ID is null. Using WebDriver after calling quit()?
Build info: version: &apos;3.1.0&apos;, revision: &apos;b94c902&apos;, time: &apos;2017-02-16 12:21:31 -0800&apos;
System info: host: &apos;ADMIN-PC&apos;, ip: &apos;169.254.230.1&apos;, os.name: &apos;Windows 7&apos;, os.arch: &apos;amd64&apos;, os.version: &apos;6.1&apos;, java.version: &apos;1.8.0_71&apos;
Driver info: driver.version: RemoteWebDriver
	at org.openqa.selenium.remote.HttpCommandExecutor.execute(HttpCommandExecutor.java:130)
	at org.openqa.selenium.remote.service.DriverCommandExecutor.execute(DriverCommandExecutor.java:82)
	at org.openqa.selenium.remote.RemoteWebDriver.execute(RemoteWebDriver.java:601)
	at org.openqa.selenium.remote.RemoteWebDriver.execute(RemoteWebDriver.java:658)
	at org.openqa.selenium.remote.RemoteWebDriver.getScreenshotAs(RemoteWebDriver.java:340)
	at com.demo.automation.POMFramework.testBase.TestBase.catureScreen(TestBase.java:222)
	at com.demo.automation.POMFramework.testBase.TestBase.getStatus(TestBase.java:179)
	at com.demo.automation.POMFramework.testBase.TestBase.aftermethod(TestBase.java:192)
... Removed 31 stack frames</div></td></tr></table><p class="totop"><a href="#summary">back to summary</a></p><h3 id="m25">com.demo.automation.POMFramework.homepage.TC003_VerifyLoginWithDifferentRecords#VerifyLoginWithDifferentRecords</h3><table class="result"><tr class="param"><th>Parameter #1</th><th>Parameter #2</th><th>Parameter #3</th></tr><tr class="param stripe"><td>jakay14@gmail.com</td><td>12678.0</td><td>n</td></tr><tr><th colspan="3">Exception</th></tr><tr><td colspan="3"><div class="stacktrace">org.openqa.selenium.NoSuchSessionException: Session ID is null. Using WebDriver after calling quit()?
Build info: version: &apos;3.1.0&apos;, revision: &apos;b94c902&apos;, time: &apos;2017-02-16 12:21:31 -0800&apos;
System info: host: &apos;ADMIN-PC&apos;, ip: &apos;169.254.230.1&apos;, os.name: &apos;Windows 7&apos;, os.arch: &apos;amd64&apos;, os.version: &apos;6.1&apos;, java.version: &apos;1.8.0_71&apos;
Driver info: driver.version: RemoteWebDriver
	at org.openqa.selenium.remote.HttpCommandExecutor.execute(HttpCommandExecutor.java:130)
	at org.openqa.selenium.remote.service.DriverCommandExecutor.execute(DriverCommandExecutor.java:82)
	at org.openqa.selenium.remote.RemoteWebDriver.execute(RemoteWebDriver.java:601)
	at org.openqa.selenium.remote.RemoteWebDriver.execute(RemoteWebDriver.java:658)
	at org.openqa.selenium.remote.RemoteWebDriver.getScreenshotAs(RemoteWebDriver.java:340)
	at com.demo.automation.POMFramework.testBase.TestBase.catureScreen(TestBase.java:222)
	at com.demo.automation.POMFramework.testBase.TestBase.getStatus(TestBase.java:179)
	at com.demo.automation.POMFramework.testBase.TestBase.aftermethod(TestBase.java:192)
... Removed 31 stack frames</div></td></tr></table><p class="totop"><a href="#summary">back to summary</a></p><h3 id="m26">com.demo.automation.POMFramework.homepage.TC001_VerifyLoginwithInvalidCredentials#verifyLoginwithInvalidCredentials</h3><table class="result"><tr><th>Messages</th></tr><tr><td><div class="messages">----------------------Starting Verifing the Login page----------------------------<br/>Clicked on the login label and Object is :[[ChromeDriver: chrome on XP (e38dc864f0f3e10eb1e456fc00b289ee)] -> xpath: //*[@id='desktop-header-cnt']/div/div[2]/div/div[2]/div[2]/div[2]/a[2]]<br/>Enter email address and Object is :[[ChromeDriver: chrome on XP (e38dc864f0f3e10eb1e456fc00b289ee)] -> xpath: //*[@id='mountRoot']/div/div/div/form/fieldset[1]/div[1]/input]<br/>Enter Password  and Object is :[[ChromeDriver: chrome on XP (e38dc864f0f3e10eb1e456fc00b289ee)] -> xpath: //*[@id='mountRoot']/div/div/div/form/fieldset[1]/div[2]/input]<br/>Clicked the Login button and Object is :[[ChromeDriver: chrome on XP (e38dc864f0f3e10eb1e456fc00b289ee)] -> xpath: //*[@id='mountRoot']/div/div/div/form/fieldset[2]/button]<br/>Verifing the Error message :[[ChromeDriver: chrome on XP (e38dc864f0f3e10eb1e456fc00b289ee)] -> xpath: //*[@id='mountRoot']/div/div/div[2]/div/div/p]<br/>----------------------Ending the Login page----------------------------</div></td></tr></table><p class="totop"><a href="#summary">back to summary</a></p><h2>Listing page verification</h2><h3 id="m27">com.demo.automation.POMFramework.listingpage.TC001_Add_ProjectsToCart#Add_ProjectsToCart</h3><table class="result"><tr><th>Messages</th></tr><tr><td><div class="messages">=============STARTING TEST->>>>>TEST NAME IS :com.demo.automation.POMFramework.listingpage.TC001_Add_ProjectsToCart================<br/>Moving cursor on main menu fields :Men<br/>Moving cursor on sub menu fields :Suits<br/>Clicking the Sub menu option. The option name is :Suits<br/>Scrolling the page Now project count is :96<br/>Scrolling the page Now project count is :144<br/>Scrolling the page Now project count is :192<br/>Scrolling the page Now project count is :240<br/>Scrolling the page Now project count is :288<br/>Scrolling the page Now project count is :336<br/>Scrolling the page Now project count is :361<br/>Scrolling the page Now project count is :361<br/>Cursor is moving on the given project name. Calling the method is Click on the within the limit<br/>Click on the given project Add to Bag button<br/>Given Project availabel size is :5<br/>Select the given project size.<br/>=============ENDING TEST->>>>>TEST NAME IS :com.demo.automation.POMFramework.listingpage.TC001_Add_ProjectsToCart================</div></td></tr></table><p class="totop"><a href="#summary">back to summary</a></p><h3 id="m28">com.demo.automation.POMFramework.listingpage.TC002_Add_MultipleProjectIntoCart#Add_MultipleProjectIntoCart</h3><table class="result"><tr><th>Messages</th></tr><tr><td><div class="messages">=============STARTING TEST->>>>>TEST NAME IS :com.demo.automation.POMFramework.listingpage.TC002_Add_MultipleProjectIntoCart================<br/>Moving cursor on main menu fields :Men<br/>Moving cursor on sub menu fields :Suits<br/>Clicking the Sub menu option. The option name is :Suits<br/>Scrolling the page Now project count is :96<br/>Scrolling the page Now project count is :96<br/>Cursor is moving on the given project name. Calling the method is Click on the within the limit<br/>Click on the given project Add to Bag button<br/>Given Project availabel size is :5<br/>Select the given project size.<br/>Added cart Success Message is : Added product to cart, you got 1 Product in cart<br/>Cursor is moving on the given project name. Calling the method is Click on the within the limit<br/>Click on the given project Add to Bag button<br/>Given Project availabel size is :4<br/>Select the given project size.<br/>Added cart Success Message is : Added product to cart, you got 2 Products in cart<br/>Cursor is moving on the given project name. Calling the method is Click on the within the limit<br/>Click on the given project Add to Bag button<br/>Given Project availabel size is :4<br/>Select the given project size.<br/>Added cart Success Message is : Added product to cart, you got 3 Products in cart<br/>Cursor is moving on the given project name. Calling the method is Click on the within the limit<br/>Click on the given project Add to Bag button<br/>Given Project availabel size is :6<br/>Select the given project size.<br/>Added cart Success Message is : Added product to cart, you got 4 Products in cart<br/>Raymond Olive Green Contemporary Fit Single-Breasted Formal Suit--Single-Breasted Formal Suit<br/>Blackberrys Charcoal Grey Single-Breasted Formal Suit--Single-Breasted Formal Suit<br/>Raymond Navy Contemporary Fit Single-Breasted Formal Suit--Blackberrys Charcoal Grey Single-Breasted Formal Suit<br/>Park Avenue Black Super Slim Fit Single-Breasted Formal Suit--Men Formal Suit</div></td></tr></table><p class="totop"><a href="#summary">back to summary</a></p><h2>Verify the Shopping page project name and price</h2><h3 id="m29">com.demo.automation.POMFramework.productpage.TC001_Add_ProjectToWishListToPayment#Add_ProjectToWishListToPayment</h3><table class="result"><tr><th>Messages</th></tr><tr><td><div class="messages">Moving cursor on main menu fields :Men<br/>Moving cursor on sub menu fields :Thermals<br/>Clicking the Sub menu option. The option name is :Thermals<br/>Scrolling the page Now project count is :20<br/>Scrolling the page Now project count is :20<br/>Thermal Henley T-shirt 300-526<br/>Men Thermal T-shirt-314<br/>Thermal T-shirt-1499<br/>Thermal Henley T-shirt 300-526<br/>Thermal Henley T-shirt 300-526<br/>Men Thermal Bottoms 300-526<br/>Thermal T-shirt-1699<br/>Men Thermal Bottoms-1189<br/>Thermal Bottoms BW4-272<br/>Men Thermal Long Johns-472<br/>Thermal T-shirt-1999<br/>Men Thermal Bottoms-1749<br/>Cotton Rich Thermal T-shirt-1699<br/>Men Thermal Bottoms-2499<br/>Jockey THERMALS Men White Thermal T-shirt 2400-489<br/>Men Thermal Bottoms 300-526<br/>Men Thermal T-shirt-262<br/>Duke Men Grey Thermal Bottom-228<br/>Thermal T-shirt-2499<br/>Ribbed Thermal T-shirt-1999<br/>Moveing the cursor to given project.<br/>Given project name page is opening<br/>Getting the project name in project view page. project name object is :[[ChromeDriver: chrome on XP (d23931b3ffe0ebb00a96513bde388bc6)] -> xpath: //*[@id='mountRoot']/div/div/main/div[2]/div[2]/div[1]/h1]<br/>Getting the price of the project in project view page. Price object is :[[ChromeDriver: chrome on XP (d23931b3ffe0ebb00a96513bde388bc6)] -> xpath: //*[@id='mountRoot']/div/div/main/div[2]/div[2]/div[1]/p[2]/strong]<br/>Click on the add button with out select the size of the product Add button Object is  :[[ChromeDriver: chrome on XP (d23931b3ffe0ebb00a96513bde388bc6)] -> xpath: //*[@id='mountRoot']/div/div/main/div[2]/div[2]/div[4]/button[2]]<br/>Click on the add button before select the size of the product :[[ChromeDriver: chrome on XP (d23931b3ffe0ebb00a96513bde388bc6)] -> xpath: //*[@id='mountRoot']/div/div/main/div[2]/div[2]/div[4]/button[2]]<br/>Verify the wishlist project count. And Wishlist Object is  :[[ChromeDriver: chrome on XP (d23931b3ffe0ebb00a96513bde388bc6)] -> xpath: //*[@id='desktop-header-cnt']/div/div[2]/a/span[2]]</div></td></tr></table><p class="totop"><a href="#summary">back to summary</a></p></body></html>