<?xml version="1.0" encoding="UTF-8"?>
<testsuite name="TestSuite" time="326.997" tests="30" errors="0" skipped="24" failures="2">
  <properties>
    <property name="java.runtime.name" value="Java(TM) SE Runtime Environment"/>
    <property name="sun.boot.library.path" value="C:\Program Files\Java\jdk1.8.0_71\jre\bin"/>
    <property name="java.vm.version" value="25.71-b15"/>
    <property name="java.vm.vendor" value="Oracle Corporation"/>
    <property name="maven.multiModuleProjectDirectory" value="C:\Users\admin\housingman\workspace\POMFramework"/>
    <property name="java.vendor.url" value="http://java.oracle.com/"/>
    <property name="path.separator" value=";"/>
    <property name="guice.disable.misplaced.annotation.check" value="true"/>
    <property name="java.vm.name" value="Java HotSpot(TM) 64-Bit Server VM"/>
    <property name="file.encoding.pkg" value="sun.io"/>
    <property name="user.script" value=""/>
    <property name="user.country" value="US"/>
    <property name="sun.java.launcher" value="SUN_STANDARD"/>
    <property name="sun.os.patch.level" value="Service Pack 1"/>
    <property name="java.vm.specification.name" value="Java Virtual Machine Specification"/>
    <property name="user.dir" value="C:\Users\admin\housingman\workspace\POMFramework"/>
    <property name="java.runtime.version" value="1.8.0_71-b15"/>
    <property name="java.awt.graphicsenv" value="sun.awt.Win32GraphicsEnvironment"/>
    <property name="java.endorsed.dirs" value="C:\Program Files\Java\jdk1.8.0_71\jre\lib\endorsed"/>
    <property name="os.arch" value="amd64"/>
    <property name="java.io.tmpdir" value="C:\Users\admin\AppData\Local\Temp\"/>
    <property name="line.separator" value="&#10;"/>
    <property name="java.vm.specification.vendor" value="Oracle Corporation"/>
    <property name="user.variant" value=""/>
    <property name="os.name" value="Windows 7"/>
    <property name="classworlds.conf" value="C:\Users\admin\housingman\workspace\.metadata\.plugins\org.eclipse.m2e.launching\launches\m2conf1128781296320972650.tmp"/>
    <property name="sun.jnu.encoding" value="Cp1252"/>
    <property name="java.library.path" value="C:\Program Files\Java\jdk1.8.0_71\bin;C:\Windows\Sun\Java\bin;C:\Windows\system32;C:\Windows;C:/Program Files/Java/jre1.8.0_71/bin/server;C:/Program Files/Java/jre1.8.0_71/bin;C:/Program Files/Java/jre1.8.0_71/lib/amd64;C:\ProgramData\Oracle\Java\javapath;C:\Program Files\Dell\DW WLAN Card;C:\Windows\system32;C:\Windows;C:\Windows\System32\Wbem;C:\Windows\System32\WindowsPowerShell\v1.0\;C:\Program Files\WIDCOMM\Bluetooth Software\;C:\Program Files\WIDCOMM\Bluetooth Software\syswow64;C:\Program Files (x86)\Skype\Phone\;C:\Program Files (x86)\MySQL\MySQL Fabric 1.5 &amp; MySQL Utilities 1.5\;C:\Program Files (x86)\MySQL\MySQL Fabric 1.5 &amp; MySQL Utilities 1.5\Doctrine extensions for PHP\;C:\apache-ant-1.9.7\bin;C:\Program Files\Java\jdk1.8.0_71\bin;E:\SDK\platform-tools;E:\SDK\platforms;C:\Program Files\nodejs\bin;D:\apache-maven-3.3.9\bin;C:\Program Files\Git\cmd;C:\Program Files\Git\bin;C:\Users\admin\Documents\source\gradle-2.10\bin;C:\Program Files (x86)\QuickTime\QTSystem;C:\Program Files\nodejs;C:\Program Files\TortoiseSVN\bin;C:\ProgramData\Oracle\Java\javapath;C:\Program Files\Dell\DW WLAN Card;C:\Windows\system32;C:\Windows;C:\Windows\System32\Wbem;C:\Windows\System32\WindowsPowerShell\v1.0\;C:\Program Files\WIDCOMM\Bluetooth Software\;C:\Program Files\WIDCOMM\Bluetooth Software\syswow64;C:\Program Files (x86)\Skype\Phone\;C:\Program Files (x86)\MySQL\MySQL Fabric 1.5 &amp; MySQL Utilities 1.5\;C:\Program Files (x86)\MySQL\MySQL Fabric 1.5 &amp; MySQL Utilities 1.5\Doctrine extensions for PHP\;C:\apache-ant-1.9.7\bin;C:\Program Files\Java\jdk1.8.0_71\bin;E:\SDK\tools;E:\SDK\platforms;C:\Program Files\nodejs\bin;D:\apache-maven-3.3.9\bin;C:\Program Files\Java\jre1.8.0_71\bin;C:\Users\admin\AppData\Roaming\npm;D:\eclipse;;."/>
    <property name="java.specification.name" value="Java Platform API Specification"/>
    <property name="java.class.version" value="52.0"/>
    <property name="sun.management.compiler" value="HotSpot 64-Bit Tiered Compilers"/>
    <property name="os.version" value="6.1"/>
    <property name="user.home" value="C:\Users\admin"/>
    <property name="user.timezone" value="Asia/Calcutta"/>
    <property name="java.awt.printerjob" value="sun.awt.windows.WPrinterJob"/>
    <property name="java.specification.version" value="1.8"/>
    <property name="file.encoding" value="UTF-8"/>
    <property name="user.name" value="admin"/>
    <property name="java.class.path" value="/D:/eclipse/plugins/org.eclipse.m2e.maven.runtime_1.6.2.20150902-0001/jars/plexus-classworlds-2.5.2.jar"/>
    <property name="java.vm.specification.version" value="1.8"/>
    <property name="sun.arch.data.model" value="64"/>
    <property name="java.home" value="C:\Program Files\Java\jdk1.8.0_71\jre"/>
    <property name="sun.java.command" value="org.codehaus.plexus.classworlds.launcher.Launcher -B install"/>
    <property name="java.specification.vendor" value="Oracle Corporation"/>
    <property name="user.language" value="en"/>
    <property name="awt.toolkit" value="sun.awt.windows.WToolkit"/>
    <property name="java.vm.info" value="mixed mode"/>
    <property name="java.version" value="1.8.0_71"/>
    <property name="java.ext.dirs" value="C:\Program Files\Java\jdk1.8.0_71\jre\lib\ext;C:\Windows\Sun\Java\lib\ext"/>
    <property name="sun.boot.class.path" value="C:\Program Files\Java\jdk1.8.0_71\jre\lib\resources.jar;C:\Program Files\Java\jdk1.8.0_71\jre\lib\rt.jar;C:\Program Files\Java\jdk1.8.0_71\jre\lib\sunrsasign.jar;C:\Program Files\Java\jdk1.8.0_71\jre\lib\jsse.jar;C:\Program Files\Java\jdk1.8.0_71\jre\lib\jce.jar;C:\Program Files\Java\jdk1.8.0_71\jre\lib\charsets.jar;C:\Program Files\Java\jdk1.8.0_71\jre\lib\jfr.jar;C:\Program Files\Java\jdk1.8.0_71\jre\classes"/>
    <property name="java.vendor" value="Oracle Corporation"/>
    <property name="maven.home" value="C:\Users\admin\housingman\workspace\POMFramework\EMBEDDED"/>
    <property name="file.separator" value="\"/>
    <property name="java.vendor.url.bug" value="http://bugreport.sun.com/bugreport/"/>
    <property name="sun.cpu.endian" value="little"/>
    <property name="sun.io.unicode.encoding" value="UnicodeLittle"/>
    <property name="sun.desktop" value="windows"/>
    <property name="sun.cpu.isalist" value="amd64"/>
  </properties>
  <testcase name="verifyLoginwithInvalidCredentials" classname="com.demo.automation.POMFramework.homepage.TC001_VerifyLoginwithInvalidCredentials" time="10.168"/>
  <testcase name="verifyNewUserRegistration" classname="com.demo.automation.POMFramework.homepage.TC002_VerifyNewUserRegistration" time="0.051">
    <failure message="Session ID is null. Using WebDriver after calling quit()?&#10;Build info: version: &apos;3.1.0&apos;, revision: &apos;b94c902&apos;, time: &apos;2017-02-16 12:21:31 -0800&apos;&#10;System info: host: &apos;ADMIN-PC&apos;, ip: &apos;169.254.230.1&apos;, os.name: &apos;Windows 7&apos;, os.arch: &apos;amd64&apos;, os.version: &apos;6.1&apos;, java.version: &apos;1.8.0_71&apos;&#10;Driver info: driver.version: RemoteWebDriver" type="org.openqa.selenium.NoSuchSessionException">org.openqa.selenium.NoSuchSessionException: Session ID is null. Using WebDriver after calling quit()?
Build info: version: '3.1.0', revision: 'b94c902', time: '2017-02-16 12:21:31 -0800'
System info: host: 'ADMIN-PC', ip: '169.254.230.1', os.name: 'Windows 7', os.arch: 'amd64', os.version: '6.1', java.version: '1.8.0_71'
Driver info: driver.version: RemoteWebDriver
	at org.openqa.selenium.remote.HttpCommandExecutor.execute(HttpCommandExecutor.java:130)
	at org.openqa.selenium.remote.service.DriverCommandExecutor.execute(DriverCommandExecutor.java:82)
	at org.openqa.selenium.remote.RemoteWebDriver.execute(RemoteWebDriver.java:601)
	at org.openqa.selenium.remote.RemoteWebDriver.findElement(RemoteWebDriver.java:368)
	at org.openqa.selenium.remote.RemoteWebDriver.findElementByXPath(RemoteWebDriver.java:473)
	at org.openqa.selenium.By$ByXPath.findElement(By.java:361)
	at org.openqa.selenium.remote.RemoteWebDriver.findElement(RemoteWebDriver.java:360)
	at org.openqa.selenium.support.pagefactory.DefaultElementLocator.findElement(DefaultElementLocator.java:69)
	at org.openqa.selenium.support.pagefactory.internal.LocatingElementHandler.invoke(LocatingElementHandler.java:38)
	at com.sun.proxy.$Proxy9.getCoordinates(Unknown Source)
	at org.openqa.selenium.interactions.internal.MouseAction.getActionLocation(MouseAction.java:51)
	at org.openqa.selenium.interactions.MoveMouseAction.perform(MoveMouseAction.java:39)
	at org.openqa.selenium.interactions.CompositeAction.perform(CompositeAction.java:34)
	at com.demo.automation.POMFramework.uiActions.HomePage.moveCursor(HomePage.java:201)
	at com.demo.automation.POMFramework.uiActions.HomePage.new_userLogin(HomePage.java:138)
	at com.demo.automation.POMFramework.homepage.TC002_VerifyNewUserRegistration.verifyNewUserRegistration(TC002_VerifyNewUserRegistration.java:37)
</failure>
    <system-out><![CDATA[2017-07-30 12:55:57 INFO  TestBase:208 - Test is Ended
2017-07-30 12:55:58 INFO  TestBase:199 - Report is Started
2017-07-30 12:55:58 INFO  TC002_VerifyNewUserRegistration:34 - --------------Starting Sign up page test-------------------- 
]]></system-out>
  </testcase>
  <testcase name="aftermethod" classname="com.demo.automation.POMFramework.homepage.TC002_VerifyNewUserRegistration" time="0.064">
    <failure message="Session ID is null. Using WebDriver after calling quit()?&#10;Build info: version: &apos;3.1.0&apos;, revision: &apos;b94c902&apos;, time: &apos;2017-02-16 12:21:31 -0800&apos;&#10;System info: host: &apos;ADMIN-PC&apos;, ip: &apos;169.254.230.1&apos;, os.name: &apos;Windows 7&apos;, os.arch: &apos;amd64&apos;, os.version: &apos;6.1&apos;, java.version: &apos;1.8.0_71&apos;&#10;Driver info: driver.version: RemoteWebDriver" type="org.openqa.selenium.NoSuchSessionException">org.openqa.selenium.NoSuchSessionException: Session ID is null. Using WebDriver after calling quit()?
Build info: version: '3.1.0', revision: 'b94c902', time: '2017-02-16 12:21:31 -0800'
System info: host: 'ADMIN-PC', ip: '169.254.230.1', os.name: 'Windows 7', os.arch: 'amd64', os.version: '6.1', java.version: '1.8.0_71'
Driver info: driver.version: RemoteWebDriver
	at org.openqa.selenium.remote.HttpCommandExecutor.execute(HttpCommandExecutor.java:130)
	at org.openqa.selenium.remote.service.DriverCommandExecutor.execute(DriverCommandExecutor.java:82)
	at org.openqa.selenium.remote.RemoteWebDriver.execute(RemoteWebDriver.java:601)
	at org.openqa.selenium.remote.RemoteWebDriver.execute(RemoteWebDriver.java:658)
	at org.openqa.selenium.remote.RemoteWebDriver.getScreenshotAs(RemoteWebDriver.java:340)
	at com.demo.automation.POMFramework.testBase.TestBase.catureScreen(TestBase.java:222)
	at com.demo.automation.POMFramework.testBase.TestBase.getStatus(TestBase.java:179)
	at com.demo.automation.POMFramework.testBase.TestBase.aftermethod(TestBase.java:192)
	at sun.reflect.NativeMethodAccessorImpl.invoke0(Native Method)
	at sun.reflect.NativeMethodAccessorImpl.invoke(NativeMethodAccessorImpl.java:62)
	at sun.reflect.DelegatingMethodAccessorImpl.invoke(DelegatingMethodAccessorImpl.java:43)
	at java.lang.reflect.Method.invoke(Method.java:497)
	at org.testng.internal.MethodInvocationHelper.invokeMethod(MethodInvocationHelper.java:104)
	at org.testng.internal.Invoker.invokeConfigurationMethod(Invoker.java:515)
	at org.testng.internal.Invoker.invokeConfigurations(Invoker.java:217)
	at org.testng.internal.Invoker.invokeMethod(Invoker.java:712)
	at org.testng.internal.Invoker.invokeTestMethod(Invoker.java:851)
	at org.testng.internal.Invoker.invokeTestMethods(Invoker.java:1177)
	at org.testng.internal.TestMethodWorker.invokeTestMethods(TestMethodWorker.java:129)
	at org.testng.internal.TestMethodWorker.run(TestMethodWorker.java:112)
	at org.testng.TestRunner.privateRun(TestRunner.java:756)
	at org.testng.TestRunner.run(TestRunner.java:610)
	at org.testng.SuiteRunner.runTest(SuiteRunner.java:387)
	at org.testng.SuiteRunner.runSequentially(SuiteRunner.java:382)
	at org.testng.SuiteRunner.privateRun(SuiteRunner.java:340)
	at org.testng.SuiteRunner.run(SuiteRunner.java:289)
	at org.testng.SuiteRunnerWorker.runSuite(SuiteRunnerWorker.java:52)
	at org.testng.SuiteRunnerWorker.run(SuiteRunnerWorker.java:86)
	at org.testng.TestNG.runSuitesSequentially(TestNG.java:1293)
	at org.testng.TestNG.runSuitesSequentially(TestNG.java:1289)
	at org.testng.TestNG.runSuitesLocally(TestNG.java:1218)
	at org.testng.TestNG.runSuites(TestNG.java:1133)
	at org.testng.TestNG.run(TestNG.java:1104)
	at org.apache.maven.surefire.testng.TestNGExecutor.run(TestNGExecutor.java:295)
	at org.apache.maven.surefire.testng.TestNGXmlTestSuite.execute(TestNGXmlTestSuite.java:84)
	at org.apache.maven.surefire.testng.TestNGProvider.invoke(TestNGProvider.java:90)
	at org.apache.maven.surefire.booter.ForkedBooter.invokeProviderInSameClassLoader(ForkedBooter.java:203)
	at org.apache.maven.surefire.booter.ForkedBooter.runSuitesInProcess(ForkedBooter.java:155)
	at org.apache.maven.surefire.booter.ForkedBooter.main(ForkedBooter.java:103)
</failure>
  </testcase>
  <testcase name="endSetUp" classname="com.demo.automation.POMFramework.homepage.TC002_VerifyNewUserRegistration" time="0">
    <skipped/>
  </testcase>
  <testcase name="endTesting" classname="com.demo.automation.POMFramework.homepage.TC002_VerifyNewUserRegistration" time="0">
    <skipped/>
  </testcase>
  <testcase name="beforemethod" classname="com.demo.automation.POMFramework.homepage.TC003_VerifyLoginWithDifferentRecords" time="0">
    <skipped/>
  </testcase>
  <testcase name="beforemethod" classname="com.demo.automation.POMFramework.homepage.TC003_VerifyLoginWithDifferentRecords" time="0">
    <skipped/>
  </testcase>
  <testcase name="beforemethod" classname="com.demo.automation.POMFramework.homepage.TC003_VerifyLoginWithDifferentRecords" time="0">
    <skipped/>
  </testcase>
  <testcase name="beforemethod" classname="com.demo.automation.POMFramework.homepage.TC003_VerifyLoginWithDifferentRecords" time="0">
    <skipped/>
  </testcase>
  <testcase name="beforemethod" classname="com.demo.automation.POMFramework.homepage.TC003_VerifyLoginWithDifferentRecords" time="0">
    <skipped/>
  </testcase>
  <testcase name="beforemethod" classname="com.demo.automation.POMFramework.homepage.TC003_VerifyLoginWithDifferentRecords" time="0">
    <skipped/>
  </testcase>
  <testcase name="beforemethod" classname="com.demo.automation.POMFramework.homepage.TC003_VerifyLoginWithDifferentRecords" time="0">
    <skipped/>
  </testcase>
  <testcase name="VerifyLoginWithDifferentRecords" classname="com.demo.automation.POMFramework.homepage.TC003_VerifyLoginWithDifferentRecords" time="0">
    <skipped/>
  </testcase>
  <testcase name="VerifyLoginWithDifferentRecords" classname="com.demo.automation.POMFramework.homepage.TC003_VerifyLoginWithDifferentRecords" time="0">
    <skipped/>
  </testcase>
  <testcase name="VerifyLoginWithDifferentRecords" classname="com.demo.automation.POMFramework.homepage.TC003_VerifyLoginWithDifferentRecords" time="0">
    <skipped/>
  </testcase>
  <testcase name="VerifyLoginWithDifferentRecords" classname="com.demo.automation.POMFramework.homepage.TC003_VerifyLoginWithDifferentRecords" time="0">
    <skipped/>
  </testcase>
  <testcase name="VerifyLoginWithDifferentRecords" classname="com.demo.automation.POMFramework.homepage.TC003_VerifyLoginWithDifferentRecords" time="0">
    <skipped/>
  </testcase>
  <testcase name="VerifyLoginWithDifferentRecords" classname="com.demo.automation.POMFramework.homepage.TC003_VerifyLoginWithDifferentRecords" time="0">
    <skipped/>
  </testcase>
  <testcase name="VerifyLoginWithDifferentRecords" classname="com.demo.automation.POMFramework.homepage.TC003_VerifyLoginWithDifferentRecords" time="0">
    <skipped/>
  </testcase>
  <testcase name="aftermethod" classname="com.demo.automation.POMFramework.homepage.TC003_VerifyLoginWithDifferentRecords" time="0">
    <skipped/>
  </testcase>
  <testcase name="aftermethod" classname="com.demo.automation.POMFramework.homepage.TC003_VerifyLoginWithDifferentRecords" time="0">
    <skipped/>
  </testcase>
  <testcase name="aftermethod" classname="com.demo.automation.POMFramework.homepage.TC003_VerifyLoginWithDifferentRecords" time="0">
    <skipped/>
  </testcase>
  <testcase name="aftermethod" classname="com.demo.automation.POMFramework.homepage.TC003_VerifyLoginWithDifferentRecords" time="0">
    <skipped/>
  </testcase>
  <testcase name="aftermethod" classname="com.demo.automation.POMFramework.homepage.TC003_VerifyLoginWithDifferentRecords" time="0">
    <skipped/>
  </testcase>
  <testcase name="aftermethod" classname="com.demo.automation.POMFramework.homepage.TC003_VerifyLoginWithDifferentRecords" time="0">
    <skipped/>
  </testcase>
  <testcase name="aftermethod" classname="com.demo.automation.POMFramework.homepage.TC003_VerifyLoginWithDifferentRecords" time="0">
    <skipped/>
  </testcase>
  <testcase name="endTesting" classname="com.demo.automation.POMFramework.homepage.TC003_VerifyLoginWithDifferentRecords" time="0">
    <skipped/>
  </testcase>
  <testcase name="Add_ProjectsToCart" classname="com.demo.automation.POMFramework.listingpage.TC001_Add_ProjectsToCart" time="82.844"/>
  <testcase name="Add_MultipleProjectIntoCart" classname="com.demo.automation.POMFramework.listingpage.TC002_Add_MultipleProjectIntoCart" time="56.948"/>
  <testcase name="Add_ProjectToWishListToPayment" classname="com.demo.automation.POMFramework.productpage.TC001_Add_ProjectToWishListToPayment" time="176.922"/>
</testsuite>